<?xml version="1.0" encoding="UTF-8"?>
<!-- Generated by org.testng.reporters.JUnitReportReporter -->
<testsuite hostname="Bhargyarekha" failures="0" tests="1" name="com.FaceBook.Testcases.TC_CreateNewAccount_002" time="2.357" errors="0" timestamp="2022-07-23T11:32:20 IST" skipped="0">
  <testcase classname="com.FaceBook.Testcases.TC_CreateNewAccount_002" name="CreateAccount" time="2.357"/>
  <system-out/>
</testsuite> <!-- com.FaceBook.Testcases.TC_CreateNewAccount_002 -->
