<?xml version="1.0" encoding="UTF-8"?>
<!-- Generated by org.testng.reporters.JUnitReportReporter -->
<testsuite hostname="Bhagyarekha" failures="0" tests="1" name="com.FaceBook.Testcases.TC_CreateNewAccount_002" time="9.500" errors="0" timestamp="2021-04-25T11:19:32 IST" skipped="0">
  <testcase classname="com.FaceBook.Testcases.TC_CreateNewAccount_002" name="CreateAccount" time="9.500"/>
  <system-out/>
</testsuite> <!-- com.FaceBook.Testcases.TC_CreateNewAccount_002 -->
