<?xml version="1.0" encoding="UTF-8"?>
<!-- Generated by org.testng.reporters.JUnitReportReporter -->
<testsuite hostname="Bhargyarekha" failures="0" tests="1" name="com.FaceBook.Testcases.TC_SendMessage_003" time="25.599" errors="0" timestamp="2022-09-19T17:25:01 IST" skipped="0">
  <testcase classname="com.FaceBook.Testcases.TC_SendMessage_003" name="SendMessage" time="25.599"/>
  <system-out/>
</testsuite> <!-- com.FaceBook.Testcases.TC_SendMessage_003 -->
