<?xml version="1.0" encoding="UTF-8"?>
<!-- Generated by org.testng.reporters.JUnitReportReporter -->
<testsuite hostname="Bhargyarekha" failures="0" tests="1" name="com.FaceBook.Testcases.TC_SendMessage_003" time="17.740" errors="0" timestamp="2022-07-23T11:33:06 IST" skipped="0">
  <testcase classname="com.FaceBook.Testcases.TC_SendMessage_003" name="SendMessage" time="17.740"/>
  <system-out/>
</testsuite> <!-- com.FaceBook.Testcases.TC_SendMessage_003 -->
