<?xml version="1.0" encoding="UTF-8"?>
<!-- Generated by org.testng.reporters.JUnitReportReporter -->
<testsuite hostname="Bhagyarekha" failures="0" tests="1" name="com.FaceBook.Testcases.TC_Hompagelogin_003" time="3.958" errors="0" timestamp="2021-04-17T16:01:39 IST" skipped="0">
  <testcase classname="com.FaceBook.Testcases.TC_Hompagelogin_003" name="Loginpage" time="3.958"/>
  <system-out/>
</testsuite> <!-- com.FaceBook.Testcases.TC_Hompagelogin_003 -->
