<?xml version="1.0" encoding="UTF-8"?>
<!-- Generated by org.testng.reporters.JUnitReportReporter -->
<testsuite hostname="BhagyaRekha" failures="0" tests="1" name="com.FaceBook.Testcases.TC_CreateNewAccount_002" time="9.324" errors="0" timestamp="2022-02-01T15:17:57 IST" skipped="0">
  <testcase classname="com.FaceBook.Testcases.TC_CreateNewAccount_002" name="CreateAccount" time="9.324"/>
  <system-out/>
</testsuite> <!-- com.FaceBook.Testcases.TC_CreateNewAccount_002 -->
