<?xml version="1.0" encoding="UTF-8"?>
<!-- Generated by org.testng.reporters.JUnitReportReporter -->
<testsuite hostname="Bhargyarekha" failures="0" tests="1" name="com.FaceBook.Testcases.TC_LoginPage_001" time="7.133" errors="0" timestamp="2022-07-23T11:30:49 IST" skipped="0">
  <testcase classname="com.FaceBook.Testcases.TC_LoginPage_001" name="LoginTest" time="7.133"/>
  <system-out/>
</testsuite> <!-- com.FaceBook.Testcases.TC_LoginPage_001 -->
