<?xml version="1.0" encoding="UTF-8"?>
<!-- Generated by org.testng.reporters.JUnitReportReporter -->
<testsuite hostname="BhagyaRekha" failures="0" tests="1" name="com.FaceBook.Testcases.TC_LoginPage_001" time="16.052" errors="0" timestamp="2022-02-01T17:28:47 IST" skipped="0">
  <testcase classname="com.FaceBook.Testcases.TC_LoginPage_001" name="LoginTest" time="16.052"/>
  <system-out/>
</testsuite> <!-- com.FaceBook.Testcases.TC_LoginPage_001 -->
