<?xml version="1.0" encoding="UTF-8"?>
<!-- Generated by org.testng.reporters.JUnitReportReporter -->
<testsuite hostname="Bhargyarekha" failures="0" tests="1" name="com.FaceBook.Testcases.TC_LoginPage_DDT_001" time="0.000" errors="0" timestamp="2022-07-23T12:27:32 IST" skipped="1">
  <testcase classname="com.FaceBook.Testcases.TC_LoginPage_DDT_001" name="LoginTestDDT" time="0.000">
    <skipped/>
  </testcase> <!-- LoginTestDDT -->
  <system-out/>
</testsuite> <!-- com.FaceBook.Testcases.TC_LoginPage_DDT_001 -->
