<?xml version="1.0" encoding="UTF-8"?>
<!-- Generated by org.testng.reporters.JUnitReportReporter -->
<testsuite hostname="BhagyaRekha" failures="0" tests="1" name="com.FaceBook.Testcases.TC_SendMessage_003" time="26.178" errors="0" timestamp="2022-02-01T17:28:47 IST" skipped="0">
  <testcase classname="com.FaceBook.Testcases.TC_SendMessage_003" name="SendMessage" time="26.178"/>
  <system-out/>
</testsuite> <!-- com.FaceBook.Testcases.TC_SendMessage_003 -->
